[debug] > Exec(dependencyTree, None, None)
[debug] Evaluating tasks: Compile / dependencyTree
[debug] Running task... Cancel: Signal, check cycles: false, forcegc: true
[info] downloading https://repo1.maven.org/maven2/org/plotly-scala/plotly-core_3/0.8.4/plotly-core_3-0.8.4.pom
[info] downloaded https://repo1.maven.org/maven2/org/plotly-scala/plotly-core_3/0.8.4/plotly-core_3-0.8.4.pom
[info] downloading https://repo1.maven.org/maven2/org/plotly-scala/plotly-core_3/0.8.4/plotly-core_3-0.8.4.pom.sha1
[info] downloaded https://repo1.maven.org/maven2/org/plotly-scala/plotly-core_3/0.8.4/plotly-core_3-0.8.4.pom.sha1
[info] downloading https://repo1.maven.org/maven2/com/lihaoyi/ujson_3/3.1.3/ujson_3-3.1.3.jar
[info] downloading https://repo1.maven.org/maven2/org/typelevel/cats-effect-kernel_3/3.5.2/cats-effect-kernel_3-3.5.2.jar
[info] downloading https://repo1.maven.org/maven2/com/lihaoyi/upack_3/3.1.3/upack_3-3.1.3.jar
[info] downloading https://repo1.maven.org/maven2/org/typelevel/cats-effect-std_3/3.5.2/cats-effect-std_3-3.5.2.jar
[info] downloading https://repo1.maven.org/maven2/com/lihaoyi/geny_3/1.0.0/geny_3-1.0.0.jar
[info] downloading https://repo1.maven.org/maven2/com/lihaoyi/upickle-implicits_3/3.1.3/upickle-implicits_3-3.1.3.jar
[info] downloaded https://repo1.maven.org/maven2/com/lihaoyi/ujson_3/3.1.3/ujson_3-3.1.3.jar
[info] downloading https://repo1.maven.org/maven2/org/typelevel/cats-kernel_3/2.9.0/cats-kernel_3-2.9.0.jar
[info] downloaded https://repo1.maven.org/maven2/com/lihaoyi/geny_3/1.0.0/geny_3-1.0.0.jar
[info] downloading https://repo1.maven.org/maven2/com/lihaoyi/upickle_3/3.1.3/upickle_3-3.1.3.jar
[info] downloaded https://repo1.maven.org/maven2/com/lihaoyi/upickle-implicits_3/3.1.3/upickle-implicits_3-3.1.3.jar
[info] downloading https://repo1.maven.org/maven2/org/typelevel/cats-effect_3/3.5.2/cats-effect_3-3.5.2.jar
[info] downloaded https://repo1.maven.org/maven2/com/lihaoyi/upickle_3/3.1.3/upickle_3-3.1.3.jar
[info] downloading https://repo1.maven.org/maven2/com/lihaoyi/upickle-core_3/3.1.3/upickle-core_3-3.1.3.jar
[info] downloaded https://repo1.maven.org/maven2/com/lihaoyi/upickle-core_3/3.1.3/upickle-core_3-3.1.3.jar
[info] downloading https://repo1.maven.org/maven2/org/typelevel/cats-core_3/2.9.0/cats-core_3-2.9.0.jar
[info] downloaded https://repo1.maven.org/maven2/org/typelevel/cats-effect_3/3.5.2/cats-effect_3-3.5.2.jar
[info] downloading https://repo1.maven.org/maven2/com/github/tototoshi/scala-csv_3/1.4.1/scala-csv_3-1.4.1.jar
[info] downloaded https://repo1.maven.org/maven2/org/typelevel/cats-kernel_3/2.9.0/cats-kernel_3-2.9.0.jar
[info] downloaded https://repo1.maven.org/maven2/com/github/tototoshi/scala-csv_3/1.4.1/scala-csv_3-1.4.1.jar
[info] downloaded https://repo1.maven.org/maven2/org/typelevel/cats-core_3/2.9.0/cats-core_3-2.9.0.jar
[info] downloaded https://repo1.maven.org/maven2/com/lihaoyi/upack_3/3.1.3/upack_3-3.1.3.jar
[info] downloaded https://repo1.maven.org/maven2/org/typelevel/cats-effect-kernel_3/3.5.2/cats-effect-kernel_3-3.5.2.jar
[info] downloaded https://repo1.maven.org/maven2/org/typelevel/cats-effect-std_3/3.5.2/cats-effect-std_3-3.5.2.jar
[info] windforecastsystem:windforecastsystem_3:0.1.0-SNAPSHOT
[info]   +-com.github.tototoshi:scala-csv_3:1.4.1
[info]   | +-org.scala-lang:scala3-library_3:3.3.3 (evicted by: 3.3.5)
[info]   | +-org.scala-lang:scala3-library_3:3.3.5 [S]
[info]   | 
[info]   +-com.lihaoyi:requests_3:0.8.3
[info]   | +-com.lihaoyi:geny_3:1.0.0
[info]   | | +-org.scala-lang:scala3-library_3:3.1.3 (evicted by: 3.3.5)
[info]   | | +-org.scala-lang:scala3-library_3:3.3.5 [S]
[info]   | | 
[info]   | +-org.scala-lang:scala3-library_3:3.1.1 (evicted by: 3.3.5)
[info]   | +-org.scala-lang:scala3-library_3:3.3.5 [S]
[info]   | 
[info]   +-com.lihaoyi:upickle_3:3.1.3
[info]   | +-com.lihaoyi:ujson_3:3.1.3
[info]   | | +-com.lihaoyi:upickle-core_3:3.1.3
[info]   | | | +-com.lihaoyi:geny_3:1.0.0
[info]   | | | | +-org.scala-lang:scala3-library_3:3.1.3 (evicted by: 3.3.5)
[info]   | | | | +-org.scala-lang:scala3-library_3:3.3.5 [S]
[info]   | | | | 
[info]   | | | +-org.scala-lang:scala3-library_3:3.3.0 (evicted by: 3.3.5)
[info]   | | | +-org.scala-lang:scala3-library_3:3.3.5 [S]
[info]   | | | 
[info]   | | +-org.scala-lang:scala3-library_3:3.3.0 (evicted by: 3.3.5)
[info]   | | +-org.scala-lang:scala3-library_3:3.3.5 [S]
[info]   | | 
[info]   | +-com.lihaoyi:upack_3:3.1.3
[info]   | | +-com.lihaoyi:upickle-core_3:3.1.3
[info]   | | | +-com.lihaoyi:geny_3:1.0.0
[info]   | | | | +-org.scala-lang:scala3-library_3:3.1.3 (evicted by: 3.3.5)
[info]   | | | | +-org.scala-lang:scala3-library_3:3.3.5 [S]
[info]   | | | | 
[info]   | | | +-org.scala-lang:scala3-library_3:3.3.0 (evicted by: 3.3.5)
[info]   | | | +-org.scala-lang:scala3-library_3:3.3.5 [S]
[info]   | | | 
[info]   | | +-org.scala-lang:scala3-library_3:3.3.0 (evicted by: 3.3.5)
[info]   | | +-org.scala-lang:scala3-library_3:3.3.5 [S]
[info]   | | 
[info]   | +-com.lihaoyi:upickle-implicits_3:3.1.3
[info]   | | +-com.lihaoyi:upickle-core_3:3.1.3
[info]   | | | +-com.lihaoyi:geny_3:1.0.0
[info]   | | | | +-org.scala-lang:scala3-library_3:3.1.3 (evicted by: 3.3.5)
[info]   | | | | +-org.scala-lang:scala3-library_3:3.3.5 [S]
[info]   | | | | 
[info]   | | | +-org.scala-lang:scala3-library_3:3.3.0 (evicted by: 3.3.5)
[info]   | | | +-org.scala-lang:scala3-library_3:3.3.5 [S]
[info]   | | | 
[info]   | | +-org.scala-lang:scala3-library_3:3.3.0 (evicted by: 3.3.5)
[info]   | | +-org.scala-lang:scala3-library_3:3.3.5 [S]
[info]   | | 
[info]   | +-org.scala-lang:scala3-library_3:3.3.0 (evicted by: 3.3.5)
[info]   | +-org.scala-lang:scala3-library_3:3.3.5 [S]
[info]   | 
[info]   +-org.scala-lang:scala3-library_3:3.3.5 [S]
[info]   +-org.typelevel:cats-effect_3:3.5.2
[info]     +-org.scala-lang:scala3-library_3:3.2.2 (evicted by: 3.3.5)
[info]     +-org.scala-lang:scala3-library_3:3.3.5 [S]
[info]     +-org.typelevel:cats-effect-kernel_3:3.5.2
[info]     | +-org.scala-lang:scala3-library_3:3.2.2 (evicted by: 3.3.5)
[info]     | +-org.scala-lang:scala3-library_3:3.3.5 [S]
[info]     | +-org.typelevel:cats-core_3:2.9.0
[info]     |   +-org.scala-lang:scala3-library_3:3.2.1 (evicted by: 3.3.5)
[info]     |   +-org.scala-lang:scala3-library_3:3.3.5 [S]
[info]     |   +-org.typelevel:cats-kernel_3:2.9.0
[info]     |     +-org.scala-lang:scala3-library_3:3.2.1 (evicted by: 3.3.5)
[info]     |     +-org.scala-lang:scala3-library_3:3.3.5 [S]
[info]     |     
[info]     +-org.typelevel:cats-effect-std_3:3.5.2
[info]       +-org.scala-lang:scala3-library_3:3.2.2 (evicted by: 3.3.5)
[info]       +-org.scala-lang:scala3-library_3:3.3.5 [S]
[info]       +-org.typelevel:cats-effect-kernel_3:3.5.2
[info]         +-org.scala-lang:scala3-library_3:3.2.2 (evicted by: 3.3.5)
[info]         +-org.scala-lang:scala3-library_3:3.3.5 [S]
[info]         +-org.typelevel:cats-core_3:2.9.0
[info]           +-org.scala-lang:scala3-library_3:3.2.1 (evicted by: 3.3.5)
[info]           +-org.scala-lang:scala3-library_3:3.3.5 [S]
[info]           +-org.typelevel:cats-kernel_3:2.9.0
[info]             +-org.scala-lang:scala3-library_3:3.2.1 (evicted by: 3.3.5)
[info]             +-org.scala-lang:scala3-library_3:3.3.5 [S]
[info]             
[success] Total time: 2 s, completed 2025年4月16日 20:08:57
[debug] > Exec(idea-shell, None, None)
